<html>
<head>
<title>TestNG:  Test 1</title>
<link href="../testng.css" rel="stylesheet" type="text/css" />
<link href="../my-testng.css" rel="stylesheet" type="text/css" />

<style type="text/css">
.log { display: none;} 
.stack-trace { display: none;} 
</style>
<script type="text/javascript">
<!--
function flip(e) {
  current = e.style.display;
  if (current == 'block') {
    e.style.display = 'none';
    return 0;
  }
  else {
    e.style.display = 'block';
    return 1;
  }
}

function toggleBox(szDivId, elem, msg1, msg2)
{
  var res = -1;  if (document.getElementById) {
    res = flip(document.getElementById(szDivId));
  }
  else if (document.all) {
    // this is the way old msie versions work
    res = flip(document.all[szDivId]);
  }
  if(elem) {
    if(res == 0) elem.innerHTML = msg1; else elem.innerHTML = msg2;
  }

}

function toggleAllBoxes() {
  if (document.getElementsByTagName) {
    d = document.getElementsByTagName('div');
    for (i = 0; i < d.length; i++) {
      if (d[i].className == 'log') {
        flip(d[i]);
      }
    }
  }
}

// -->
</script>

</head>
<body>
<h2 align='center'>Test 1</h2><table border='1' align="center">
<tr>
<td>Tests passed/Failed/Skipped:</td><td>30/2/0</td>
</tr><tr>
<td>Started on:</td><td>Mon Dec 26 10:40:30 IST 2022</td>
</tr>
<tr><td>Total time:</td><td>686 seconds (686416 ms)</td>
</tr><tr>
<td>Included groups:</td><td></td>
</tr><tr>
<td>Excluded groups:</td><td></td>
</tr>
</table><p/>
<small><i>(Hover the method name to see the test class name)</i></small><p/>
<table width='100%' border='1' class='invocation-failed'>
<tr><td colspan='4' align='center'><b>FAILED TESTS</b></td></tr>
<tr><td><b>Test method</b></td>
<td width="30%"><b>Exception</b></td>
<td width="10%"><b>Time (seconds)</b></td>
<td><b>Instance</b></td>
</tr>
<tr>
<td title='com.Restaurant.Testcases.VerifyExpenseTest.VerifyDeleteExpense()'><b>VerifyDeleteExpense</b><br>Test class: com.Restaurant.Testcases.VerifyExpenseTest</td>
<td><div><pre>org.openqa.selenium.NoSuchElementException: no such element: Unable to locate element: {&quot;method&quot;:&quot;xpath&quot;,&quot;selector&quot;:&quot;//td[@class=&apos;dataTables_empty&apos;]&quot;}
  (Session info: MicrosoftEdge=108.0.1462.54)
For documentation on this error, please visit: https://selenium.dev/exceptions/#no_such_element
Build info: version: &apos;4.6.0&apos;, revision: &apos;79f1c02ae20&apos;
System info: os.name: &apos;Windows 11&apos;, os.arch: &apos;amd64&apos;, os.version: &apos;10.0&apos;, java.version: &apos;17.0.4.1&apos;
Driver info: org.openqa.selenium.edge.EdgeDriver
Command: [12261aafbfa0d7083e21d360eb1de0af, findElement {using=xpath, value=//td[@class=&apos;dataTables_empty&apos;]}]
Capabilities {acceptInsecureCerts: false, browserName: msedge, browserVersion: 108.0.1462.54, ms:edgeOptions: {debuggerAddress: localhost:60150}, msedge: {msedgedriverVersion: 108.0.1462.54 (c2998c8c6617..., userDataDir: C:\Users\rinys\AppData\Loca...}, networkConnectionEnabled: false, pageLoadStrategy: normal, platformName: WINDOWS, proxy: Proxy(), se:cdp: ws://localhost:60150/devtoo..., se:cdpVersion: 108.0.1462.54, setWindowRect: true, strictFileInteractability: false, timeouts: {implicit: 0, pageLoad: 300000, script: 30000}, unhandledPromptBehavior: dismiss and notify, webauthn:extension:credBlob: true, webauthn:extension:largeBlob: true, webauthn:virtualAuthenticators: true}
Session ID: 12261aafbfa0d7083e21d360eb1de0af
	at org.openqa.selenium.remote.codec.w3c.W3CHttpResponseCodec.createException(W3CHttpResponseCodec.java:200)
	at org.openqa.selenium.remote.codec.w3c.W3CHttpResponseCodec.decode(W3CHttpResponseCodec.java:133)
	at org.openqa.selenium.remote.codec.w3c.W3CHttpResponseCodec.decode(W3CHttpResponseCodec.java:53)
	at org.openqa.selenium.remote.HttpCommandExecutor.execute(HttpCommandExecutor.java:184)
	at org.openqa.selenium.remote.service.DriverCommandExecutor.invokeExecute(DriverCommandExecutor.java:167)
	at org.openqa.selenium.remote.service.DriverCommandExecutor.execute(DriverCommandExecutor.java:142)
	at org.openqa.selenium.remote.RemoteWebDriver.execute(RemoteWebDriver.java:541)
	at org.openqa.selenium.remote.ElementLocation$ElementFinder$2.findElement(ElementLocation.java:162)
	at org.openqa.selenium.remote.ElementLocation.findElement(ElementLocation.java:60)
	at org.openqa.selenium.remote.RemoteWebDriver.findElement(RemoteWebDriver.java:365)
	at org.openqa.selenium.remote.RemoteWebDriver.findElement(RemoteWebDriver.java:357)
	at org.openqa.selenium.support.pagefactory.DefaultElementLocator.findElement(DefaultElementLocator.java:70)
	at org.openqa.selenium.support.pagefactory.internal.LocatingElementHandler.invoke(LocatingElementHandler.java:39)
	at jdk.proxy2/jdk.proxy2.$Proxy22.getText(Unknown Source)
	at com.Restaurant.Pageobjects.ExpensesPage.ConfirmDelete(ExpensesPage.java:160)
	at com.Restaurant.Testcases.VerifyExpenseTest.VerifyDeleteExpense(VerifyExpenseTest.java:28)
	at java.base/java.util.ArrayList.forEach(ArrayList.java:1511)
... Removed 32 stack frames</pre></div><a href='#' onClick='toggleBox("stack-trace1906635841", this, "Click to show all stack frames", "Click to hide stack frames")'>Click to show all stack frames</a>
<div class='stack-trace' id='stack-trace1906635841'><pre>org.openqa.selenium.NoSuchElementException: no such element: Unable to locate element: {&quot;method&quot;:&quot;xpath&quot;,&quot;selector&quot;:&quot;//td[@class=&apos;dataTables_empty&apos;]&quot;}
  (Session info: MicrosoftEdge=108.0.1462.54)
For documentation on this error, please visit: https://selenium.dev/exceptions/#no_such_element
Build info: version: &apos;4.6.0&apos;, revision: &apos;79f1c02ae20&apos;
System info: os.name: &apos;Windows 11&apos;, os.arch: &apos;amd64&apos;, os.version: &apos;10.0&apos;, java.version: &apos;17.0.4.1&apos;
Driver info: org.openqa.selenium.edge.EdgeDriver
Command: [12261aafbfa0d7083e21d360eb1de0af, findElement {using=xpath, value=//td[@class=&apos;dataTables_empty&apos;]}]
Capabilities {acceptInsecureCerts: false, browserName: msedge, browserVersion: 108.0.1462.54, ms:edgeOptions: {debuggerAddress: localhost:60150}, msedge: {msedgedriverVersion: 108.0.1462.54 (c2998c8c6617..., userDataDir: C:\Users\rinys\AppData\Loca...}, networkConnectionEnabled: false, pageLoadStrategy: normal, platformName: WINDOWS, proxy: Proxy(), se:cdp: ws://localhost:60150/devtoo..., se:cdpVersion: 108.0.1462.54, setWindowRect: true, strictFileInteractability: false, timeouts: {implicit: 0, pageLoad: 300000, script: 30000}, unhandledPromptBehavior: dismiss and notify, webauthn:extension:credBlob: true, webauthn:extension:largeBlob: true, webauthn:virtualAuthenticators: true}
Session ID: 12261aafbfa0d7083e21d360eb1de0af
	at java.base/jdk.internal.reflect.NativeConstructorAccessorImpl.newInstance0(Native Method)
	at java.base/jdk.internal.reflect.NativeConstructorAccessorImpl.newInstance(NativeConstructorAccessorImpl.java:77)
	at java.base/jdk.internal.reflect.DelegatingConstructorAccessorImpl.newInstance(DelegatingConstructorAccessorImpl.java:45)
	at java.base/java.lang.reflect.Constructor.newInstanceWithCaller(Constructor.java:499)
	at java.base/java.lang.reflect.Constructor.newInstance(Constructor.java:480)
	at org.openqa.selenium.remote.codec.w3c.W3CHttpResponseCodec.createException(W3CHttpResponseCodec.java:200)
	at org.openqa.selenium.remote.codec.w3c.W3CHttpResponseCodec.decode(W3CHttpResponseCodec.java:133)
	at org.openqa.selenium.remote.codec.w3c.W3CHttpResponseCodec.decode(W3CHttpResponseCodec.java:53)
	at org.openqa.selenium.remote.HttpCommandExecutor.execute(HttpCommandExecutor.java:184)
	at org.openqa.selenium.remote.service.DriverCommandExecutor.invokeExecute(DriverCommandExecutor.java:167)
	at org.openqa.selenium.remote.service.DriverCommandExecutor.execute(DriverCommandExecutor.java:142)
	at org.openqa.selenium.remote.RemoteWebDriver.execute(RemoteWebDriver.java:541)
	at org.openqa.selenium.remote.ElementLocation$ElementFinder$2.findElement(ElementLocation.java:162)
	at org.openqa.selenium.remote.ElementLocation.findElement(ElementLocation.java:60)
	at org.openqa.selenium.remote.RemoteWebDriver.findElement(RemoteWebDriver.java:365)
	at org.openqa.selenium.remote.RemoteWebDriver.findElement(RemoteWebDriver.java:357)
	at org.openqa.selenium.support.pagefactory.DefaultElementLocator.findElement(DefaultElementLocator.java:70)
	at org.openqa.selenium.support.pagefactory.internal.LocatingElementHandler.invoke(LocatingElementHandler.java:39)
	at jdk.proxy2/jdk.proxy2.$Proxy22.getText(Unknown Source)
	at com.Restaurant.Pageobjects.ExpensesPage.ConfirmDelete(ExpensesPage.java:160)
	at com.Restaurant.Testcases.VerifyExpenseTest.VerifyDeleteExpense(VerifyExpenseTest.java:28)
	at java.base/jdk.internal.reflect.NativeMethodAccessorImpl.invoke0(Native Method)
	at java.base/jdk.internal.reflect.NativeMethodAccessorImpl.invoke(NativeMethodAccessorImpl.java:77)
	at java.base/jdk.internal.reflect.DelegatingMethodAccessorImpl.invoke(DelegatingMethodAccessorImpl.java:43)
	at java.base/java.lang.reflect.Method.invoke(Method.java:568)
	at org.testng.internal.invokers.MethodInvocationHelper.invokeMethod(MethodInvocationHelper.java:135)
	at org.testng.internal.invokers.TestInvoker.invokeMethod(TestInvoker.java:673)
	at org.testng.internal.invokers.TestInvoker.invokeTestMethod(TestInvoker.java:220)
	at org.testng.internal.invokers.MethodRunner.runInSequence(MethodRunner.java:50)
	at org.testng.internal.invokers.TestInvoker$MethodInvocationAgent.invoke(TestInvoker.java:945)
	at org.testng.internal.invokers.TestInvoker.invokeTestMethods(TestInvoker.java:193)
	at org.testng.internal.invokers.TestMethodWorker.invokeTestMethods(TestMethodWorker.java:146)
	at org.testng.internal.invokers.TestMethodWorker.run(TestMethodWorker.java:128)
	at java.base/java.util.ArrayList.forEach(ArrayList.java:1511)
	at org.testng.TestRunner.privateRun(TestRunner.java:808)
	at org.testng.TestRunner.run(TestRunner.java:603)
	at org.testng.SuiteRunner.runTest(SuiteRunner.java:429)
	at org.testng.SuiteRunner.runSequentially(SuiteRunner.java:423)
	at org.testng.SuiteRunner.privateRun(SuiteRunner.java:383)
	at org.testng.SuiteRunner.run(SuiteRunner.java:326)
	at org.testng.SuiteRunnerWorker.runSuite(SuiteRunnerWorker.java:52)
	at org.testng.SuiteRunnerWorker.run(SuiteRunnerWorker.java:95)
	at org.testng.TestNG.runSuitesSequentially(TestNG.java:1249)
	at org.testng.TestNG.runSuitesLocally(TestNG.java:1169)
	at org.testng.TestNG.runSuites(TestNG.java:1092)
	at org.testng.TestNG.run(TestNG.java:1060)
	at org.testng.remote.AbstractRemoteTestNG.run(AbstractRemoteTestNG.java:115)
	at org.testng.remote.RemoteTestNG.initAndRun(RemoteTestNG.java:251)
	at org.testng.remote.RemoteTestNG.main(RemoteTestNG.java:77)
</pre></div></td>
<td>45</td>
<td>com.Restaurant.Testcases.VerifyExpenseTest@8519cb4</td></tr>
<tr>
<td title='com.Restaurant.Testcases.VerifyExpenseTest.VerifyEditExpense()'><b>VerifyEditExpense</b><br>Test class: com.Restaurant.Testcases.VerifyExpenseTest</td>
<td><div><pre>java.lang.AssertionError: Edit not success expected [true] but found [false]
	at com.Restaurant.Testcases.VerifyExpenseTest.VerifyEditExpense(VerifyExpenseTest.java:39)
	at java.base/java.util.ArrayList.forEach(ArrayList.java:1511)
... Removed 30 stack frames</pre></div><a href='#' onClick='toggleBox("stack-trace862931361", this, "Click to show all stack frames", "Click to hide stack frames")'>Click to show all stack frames</a>
<div class='stack-trace' id='stack-trace862931361'><pre>java.lang.AssertionError: Edit not success expected [true] but found [false]
	at org.testng.Assert.fail(Assert.java:110)
	at org.testng.Assert.failNotEquals(Assert.java:1413)
	at org.testng.Assert.assertTrue(Assert.java:56)
	at com.Restaurant.Testcases.VerifyExpenseTest.VerifyEditExpense(VerifyExpenseTest.java:39)
	at java.base/jdk.internal.reflect.NativeMethodAccessorImpl.invoke0(Native Method)
	at java.base/jdk.internal.reflect.NativeMethodAccessorImpl.invoke(NativeMethodAccessorImpl.java:77)
	at java.base/jdk.internal.reflect.DelegatingMethodAccessorImpl.invoke(DelegatingMethodAccessorImpl.java:43)
	at java.base/java.lang.reflect.Method.invoke(Method.java:568)
	at org.testng.internal.invokers.MethodInvocationHelper.invokeMethod(MethodInvocationHelper.java:135)
	at org.testng.internal.invokers.TestInvoker.invokeMethod(TestInvoker.java:673)
	at org.testng.internal.invokers.TestInvoker.invokeTestMethod(TestInvoker.java:220)
	at org.testng.internal.invokers.MethodRunner.runInSequence(MethodRunner.java:50)
	at org.testng.internal.invokers.TestInvoker$MethodInvocationAgent.invoke(TestInvoker.java:945)
	at org.testng.internal.invokers.TestInvoker.invokeTestMethods(TestInvoker.java:193)
	at org.testng.internal.invokers.TestMethodWorker.invokeTestMethods(TestMethodWorker.java:146)
	at org.testng.internal.invokers.TestMethodWorker.run(TestMethodWorker.java:128)
	at java.base/java.util.ArrayList.forEach(ArrayList.java:1511)
	at org.testng.TestRunner.privateRun(TestRunner.java:808)
	at org.testng.TestRunner.run(TestRunner.java:603)
	at org.testng.SuiteRunner.runTest(SuiteRunner.java:429)
	at org.testng.SuiteRunner.runSequentially(SuiteRunner.java:423)
	at org.testng.SuiteRunner.privateRun(SuiteRunner.java:383)
	at org.testng.SuiteRunner.run(SuiteRunner.java:326)
	at org.testng.SuiteRunnerWorker.runSuite(SuiteRunnerWorker.java:52)
	at org.testng.SuiteRunnerWorker.run(SuiteRunnerWorker.java:95)
	at org.testng.TestNG.runSuitesSequentially(TestNG.java:1249)
	at org.testng.TestNG.runSuitesLocally(TestNG.java:1169)
	at org.testng.TestNG.runSuites(TestNG.java:1092)
	at org.testng.TestNG.run(TestNG.java:1060)
	at org.testng.remote.AbstractRemoteTestNG.run(AbstractRemoteTestNG.java:115)
	at org.testng.remote.RemoteTestNG.initAndRun(RemoteTestNG.java:251)
	at org.testng.remote.RemoteTestNG.main(RemoteTestNG.java:77)
</pre></div></td>
<td>45</td>
<td>com.Restaurant.Testcases.VerifyExpenseTest@8519cb4</td></tr>
</table><p>
<table width='100%' border='1' class='invocation-passed'>
<tr><td colspan='4' align='center'><b>PASSED TESTS</b></td></tr>
<tr><td><b>Test method</b></td>
<td width="30%"><b>Exception</b></td>
<td width="10%"><b>Time (seconds)</b></td>
<td><b>Instance</b></td>
</tr>
<tr>
<td title='com.Restaurant.Testcases.VerifyProductTest.VerifyDeleteProduct()'><b>VerifyDeleteProduct</b><br>Test class: com.Restaurant.Testcases.VerifyProductTest</td>
<td></td>
<td>46</td>
<td>com.Restaurant.Testcases.VerifyProductTest@2cb4893b</td></tr>
<tr>
<td title='com.Restaurant.Testcases.VerifyUserLoginTest.VerifyLogout()'><b>VerifyLogout</b><br>Test class: com.Restaurant.Testcases.VerifyUserLoginTest</td>
<td></td>
<td>4</td>
<td>com.Restaurant.Testcases.VerifyUserLoginTest@413d1baf</td></tr>
<tr>
<td title='com.Restaurant.Testcases.VerifyUserLoginTest.VerifyInvalidUserLogin()'><b>VerifyInvalidUserLogin</b><br>Test class: com.Restaurant.Testcases.VerifyUserLoginTest<br>Parameters: login, pasword</td>
<td></td>
<td>0</td>
<td>com.Restaurant.Testcases.VerifyUserLoginTest@413d1baf</td></tr>
<tr>
<td title='com.Restaurant.Testcases.VerifyStoresTest.verifyeditstore()'><b>verifyeditstore</b><br>Test class: com.Restaurant.Testcases.VerifyStoresTest</td>
<td></td>
<td>10</td>
<td>com.Restaurant.Testcases.VerifyStoresTest@6caf0677</td></tr>
<tr>
<td title='com.Restaurant.Testcases.VerifySalesTest.VerifySalesPage()'><b>VerifySalesPage</b><br>Test class: com.Restaurant.Testcases.VerifySalesTest</td>
<td></td>
<td>4</td>
<td>com.Restaurant.Testcases.VerifySalesTest@5b218417</td></tr>
<tr>
<td title='com.Restaurant.Testcases.VerifyPeopleSupplierTest.VerifyAddSupplier()'><b>VerifyAddSupplier</b><br>Test class: com.Restaurant.Testcases.VerifyPeopleSupplierTest</td>
<td></td>
<td>9</td>
<td>com.Restaurant.Testcases.VerifyPeopleSupplierTest@48075da3</td></tr>
<tr>
<td title='com.Restaurant.Testcases.VerifyPeopleCustomerTest.WaiterDelete()'><b>WaiterDelete</b><br>Test class: com.Restaurant.Testcases.VerifyPeopleCustomerTest</td>
<td></td>
<td>48</td>
<td>com.Restaurant.Testcases.VerifyPeopleCustomerTest@8458f04</td></tr>
<tr>
<td title='com.Restaurant.Testcases.VerifyPeopleSupplierTest.VerifyEditSupplier()'><b>VerifyEditSupplier</b><br>Test class: com.Restaurant.Testcases.VerifyPeopleSupplierTest</td>
<td></td>
<td>10</td>
<td>com.Restaurant.Testcases.VerifyPeopleSupplierTest@48075da3</td></tr>
<tr>
<td title='com.Restaurant.Testcases.VerifyPeopleSupplierTest.SupplierDelete()'><b>SupplierDelete</b><br>Test class: com.Restaurant.Testcases.VerifyPeopleSupplierTest</td>
<td></td>
<td>47</td>
<td>com.Restaurant.Testcases.VerifyPeopleSupplierTest@48075da3</td></tr>
<tr>
<td title='com.Restaurant.Testcases.VerifyStoresTest.verifyStoreDelete()'><b>verifyStoreDelete</b><br>Test class: com.Restaurant.Testcases.VerifyStoresTest</td>
<td></td>
<td>27</td>
<td>com.Restaurant.Testcases.VerifyStoresTest@6caf0677</td></tr>
<tr>
<td title='com.Restaurant.Testcases.VerifyPeopleCustomerTest.VerifyWaiterAdd()'><b>VerifyWaiterAdd</b><br>Test class: com.Restaurant.Testcases.VerifyPeopleCustomerTest</td>
<td></td>
<td>10</td>
<td>com.Restaurant.Testcases.VerifyPeopleCustomerTest@8458f04</td></tr>
<tr>
<td title='com.Restaurant.Testcases.VerifyUserLoginTest.VerifyUserLogin()'><b>VerifyUserLogin</b><br>Test class: com.Restaurant.Testcases.VerifyUserLoginTest</td>
<td></td>
<td>2</td>
<td>com.Restaurant.Testcases.VerifyUserLoginTest@413d1baf</td></tr>
<tr>
<td title='com.Restaurant.Testcases.VerifyPeopleWaiterTest.WaiterDelete()'><b>WaiterDelete</b><br>Test class: com.Restaurant.Testcases.VerifyPeopleWaiterTest</td>
<td></td>
<td>48</td>
<td>com.Restaurant.Testcases.VerifyPeopleWaiterTest@68c9133c</td></tr>
<tr>
<td title='com.Restaurant.Testcases.VerifyUserLoginTest.VerifyInvalidUserLogin()'><b>VerifyInvalidUserLogin</b><br>Test class: com.Restaurant.Testcases.VerifyUserLoginTest<br>Parameters: uname, password</td>
<td></td>
<td>0</td>
<td>com.Restaurant.Testcases.VerifyUserLoginTest@413d1baf</td></tr>
<tr>
<td title='com.Restaurant.Testcases.VerifyReportsTest.VerifyReportStoreStat()'><b>VerifyReportStoreStat</b><br>Test class: com.Restaurant.Testcases.VerifyReportsTest</td>
<td></td>
<td>26</td>
<td>com.Restaurant.Testcases.VerifyReportsTest@cc43f62</td></tr>
<tr>
<td title='com.Restaurant.Testcases.VerifyPeopleCustomerTest.verifyeditcustomer()'><b>verifyeditcustomer</b><br>Test class: com.Restaurant.Testcases.VerifyPeopleCustomerTest</td>
<td></td>
<td>10</td>
<td>com.Restaurant.Testcases.VerifyPeopleCustomerTest@8458f04</td></tr>
<tr>
<td title='com.Restaurant.Testcases.VerifySettingTest.VerifyAddUser()'><b>VerifyAddUser</b><br>Test class: com.Restaurant.Testcases.VerifySettingTest</td>
<td></td>
<td>8</td>
<td>com.Restaurant.Testcases.VerifySettingTest@645aa696</td></tr>
<tr>
<td title='com.Restaurant.Testcases.VerifyLanguageTest.VerifyLanguagePage()'><b>VerifyLanguagePage</b><br>Test class: com.Restaurant.Testcases.VerifyLanguageTest</td>
<td></td>
<td>8</td>
<td>com.Restaurant.Testcases.VerifyLanguageTest@606e4010</td></tr>
<tr>
<td title='com.Restaurant.Testcases.VerifyReportsTest.VerifyReportProductStat()'><b>VerifyReportProductStat</b><br>Test class: com.Restaurant.Testcases.VerifyReportsTest</td>
<td></td>
<td>6</td>
<td>com.Restaurant.Testcases.VerifyReportsTest@cc43f62</td></tr>
<tr>
<td title='com.Restaurant.Testcases.VerifyProductTest.VerifyEditProduct()'><b>VerifyEditProduct</b><br>Test class: com.Restaurant.Testcases.VerifyProductTest</td>
<td></td>
<td>10</td>
<td>com.Restaurant.Testcases.VerifyProductTest@2cb4893b</td></tr>
<tr>
<td title='com.Restaurant.Testcases.VerifyProductTest.VerifyAddProduct()'><b>VerifyAddProduct</b><br>Test class: com.Restaurant.Testcases.VerifyProductTest</td>
<td></td>
<td>12</td>
<td>com.Restaurant.Testcases.VerifyProductTest@2cb4893b</td></tr>
<tr>
<td title='com.Restaurant.Testcases.VerifySettingTest.VerifyAddWarehouse()'><b>VerifyAddWarehouse</b><br>Test class: com.Restaurant.Testcases.VerifySettingTest</td>
<td></td>
<td>7</td>
<td>com.Restaurant.Testcases.VerifySettingTest@645aa696</td></tr>
<tr>
<td title='com.Restaurant.Testcases.VerifyUserLoginTest.VerifyInvalidUserLogin()'><b>VerifyInvalidUserLogin</b><br>Test class: com.Restaurant.Testcases.VerifyUserLoginTest<br>Parameters: admin, pwrod</td>
<td></td>
<td>0</td>
<td>com.Restaurant.Testcases.VerifyUserLoginTest@413d1baf</td></tr>
<tr>
<td title='com.Restaurant.Testcases.VerifyPeopleWaiterTest.verifyeditwaiter()'><b>verifyeditwaiter</b><br>Test class: com.Restaurant.Testcases.VerifyPeopleWaiterTest</td>
<td></td>
<td>10</td>
<td>com.Restaurant.Testcases.VerifyPeopleWaiterTest@68c9133c</td></tr>
<tr>
<td title='com.Restaurant.Testcases.VerifyPeopleWaiterTest.VerifyWaiterAdd()'><b>VerifyWaiterAdd</b><br>Test class: com.Restaurant.Testcases.VerifyPeopleWaiterTest</td>
<td></td>
<td>10</td>
<td>com.Restaurant.Testcases.VerifyPeopleWaiterTest@68c9133c</td></tr>
<tr>
<td title='com.Restaurant.Testcases.VerifyProductTest.VerifyBarcode()'><b>VerifyBarcode</b><br>Test class: com.Restaurant.Testcases.VerifyProductTest</td>
<td></td>
<td>7</td>
<td>com.Restaurant.Testcases.VerifyProductTest@2cb4893b</td></tr>
<tr>
<td title='com.Restaurant.Testcases.VerifyProductTest.VerifyProduct()'><b>VerifyProduct</b><br>Test class: com.Restaurant.Testcases.VerifyProductTest</td>
<td></td>
<td>7</td>
<td>com.Restaurant.Testcases.VerifyProductTest@2cb4893b</td></tr>
<tr>
<td title='com.Restaurant.Testcases.VerifyExpenseTest.VerifyAddExpense()'><b>VerifyAddExpense</b><br>Test class: com.Restaurant.Testcases.VerifyExpenseTest</td>
<td></td>
<td>9</td>
<td>com.Restaurant.Testcases.VerifyExpenseTest@8519cb4</td></tr>
<tr>
<td title='com.Restaurant.Testcases.VerifyStoresTest.VerifyAddStore()'><b>VerifyAddStore</b><br>Test class: com.Restaurant.Testcases.VerifyStoresTest</td>
<td></td>
<td>11</td>
<td>com.Restaurant.Testcases.VerifyStoresTest@6caf0677</td></tr>
<tr>
<td title='com.Restaurant.Testcases.VerifyReportsTest.VerifyReportPageClientStat()'><b>VerifyReportPageClientStat</b><br>Test class: com.Restaurant.Testcases.VerifyReportsTest</td>
<td></td>
<td>6</td>
<td>com.Restaurant.Testcases.VerifyReportsTest@cc43f62</td></tr>
</table><p>
</body>
</html>