<?xml version="1.0" encoding="UTF-8"?>
<!-- Generated by org.testng.reporters.JUnitXMLReporter -->
<testsuite ignored="30" hostname="ISSAC" failures="2" tests="32" name="Test 1" time="686.416" errors="0" timestamp="2022-12-26T10:51:57 IST">
  <testcase classname="com.Restaurant.Testcases.VerifyExpenseTest" name="VerifyAddExpense" time="9.23"/>
  <testcase classname="com.Restaurant.Testcases.VerifyExpenseTest" name="VerifyDeleteExpense" time="45.235">
    <failure type="org.openqa.selenium.NoSuchElementException" message="no such element: Unable to locate element: {&amp;quot;method&amp;quot;:&amp;quot;xpath&amp;quot;,&amp;quot;selector&amp;quot;:&amp;quot;//td[@class=&amp;apos;dataTables_empty&amp;apos;]&amp;quot;}
  (Session info: MicrosoftEdge=108.0.1462.54)
For documentation on this error, please visit: https://selenium.dev/exceptions/#no_such_element
Build info: version: &amp;apos;4.6.0&amp;apos;, revision: &amp;apos;79f1c02ae20&amp;apos;
System info: os.name: &amp;apos;Windows 11&amp;apos;, os.arch: &amp;apos;amd64&amp;apos;, os.version: &amp;apos;10.0&amp;apos;, java.version: &amp;apos;17.0.4.1&amp;apos;
Driver info: org.openqa.selenium.edge.EdgeDriver
Command: [12261aafbfa0d7083e21d360eb1de0af, findElement {using=xpath, value=//td[@class=&amp;apos;dataTables_empty&amp;apos;]}]
Capabilities {acceptInsecureCerts: false, browserName: msedge, browserVersion: 108.0.1462.54, ms:edgeOptions: {debuggerAddress: localhost:60150}, msedge: {msedgedriverVersion: 108.0.1462.54 (c2998c8c6617..., userDataDir: C:\Users\rinys\AppData\Loca...}, networkConnectionEnabled: false, pageLoadStrategy: normal, platformName: WINDOWS, proxy: Proxy(), se:cdp: ws://localhost:60150/devtoo..., se:cdpVersion: 108.0.1462.54, setWindowRect: true, strictFileInteractability: false, timeouts: {implicit: 0, pageLoad: 300000, script: 30000}, unhandledPromptBehavior: dismiss and notify, webauthn:extension:credBlob: true, webauthn:extension:largeBlob: true, webauthn:virtualAuthenticators: true}
Session ID: 12261aafbfa0d7083e21d360eb1de0af">
      <![CDATA[org.openqa.selenium.NoSuchElementException: no such element: Unable to locate element: {"method":"xpath","selector":"//td[@class='dataTables_empty']"}
  (Session info: MicrosoftEdge=108.0.1462.54)
For documentation on this error, please visit: https://selenium.dev/exceptions/#no_such_element
Build info: version: '4.6.0', revision: '79f1c02ae20'
System info: os.name: 'Windows 11', os.arch: 'amd64', os.version: '10.0', java.version: '17.0.4.1'
Driver info: org.openqa.selenium.edge.EdgeDriver
Command: [12261aafbfa0d7083e21d360eb1de0af, findElement {using=xpath, value=//td[@class='dataTables_empty']}]
Capabilities {acceptInsecureCerts: false, browserName: msedge, browserVersion: 108.0.1462.54, ms:edgeOptions: {debuggerAddress: localhost:60150}, msedge: {msedgedriverVersion: 108.0.1462.54 (c2998c8c6617..., userDataDir: C:\Users\rinys\AppData\Loca...}, networkConnectionEnabled: false, pageLoadStrategy: normal, platformName: WINDOWS, proxy: Proxy(), se:cdp: ws://localhost:60150/devtoo..., se:cdpVersion: 108.0.1462.54, setWindowRect: true, strictFileInteractability: false, timeouts: {implicit: 0, pageLoad: 300000, script: 30000}, unhandledPromptBehavior: dismiss and notify, webauthn:extension:credBlob: true, webauthn:extension:largeBlob: true, webauthn:virtualAuthenticators: true}
Session ID: 12261aafbfa0d7083e21d360eb1de0af
at org.openqa.selenium.remote.codec.w3c.W3CHttpResponseCodec.createException(W3CHttpResponseCodec.java:200)
at org.openqa.selenium.remote.codec.w3c.W3CHttpResponseCodec.decode(W3CHttpResponseCodec.java:133)
at org.openqa.selenium.remote.codec.w3c.W3CHttpResponseCodec.decode(W3CHttpResponseCodec.java:53)
at org.openqa.selenium.remote.HttpCommandExecutor.execute(HttpCommandExecutor.java:184)
at org.openqa.selenium.remote.service.DriverCommandExecutor.invokeExecute(DriverCommandExecutor.java:167)
at org.openqa.selenium.remote.service.DriverCommandExecutor.execute(DriverCommandExecutor.java:142)
at org.openqa.selenium.remote.RemoteWebDriver.execute(RemoteWebDriver.java:541)
at org.openqa.selenium.remote.ElementLocation$ElementFinder$2.findElement(ElementLocation.java:162)
at org.openqa.selenium.remote.ElementLocation.findElement(ElementLocation.java:60)
at org.openqa.selenium.remote.RemoteWebDriver.findElement(RemoteWebDriver.java:365)
at org.openqa.selenium.remote.RemoteWebDriver.findElement(RemoteWebDriver.java:357)
at org.openqa.selenium.support.pagefactory.DefaultElementLocator.findElement(DefaultElementLocator.java:70)
at org.openqa.selenium.support.pagefactory.internal.LocatingElementHandler.invoke(LocatingElementHandler.java:39)
at jdk.proxy2/jdk.proxy2.$Proxy22.getText(Unknown Source)
at com.Restaurant.Pageobjects.ExpensesPage.ConfirmDelete(ExpensesPage.java:160)
at com.Restaurant.Testcases.VerifyExpenseTest.VerifyDeleteExpense(VerifyExpenseTest.java:28)
at java.base/java.util.ArrayList.forEach(ArrayList.java:1511)
... Removed 32 stack frames]]>
    </failure>
  </testcase> <!-- VerifyDeleteExpense -->
  <testcase classname="com.Restaurant.Testcases.VerifyExpenseTest" name="VerifyEditExpense" time="45.462">
    <failure type="java.lang.AssertionError" message="Edit not success expected [true] but found [false]">
      <![CDATA[java.lang.AssertionError: Edit not success expected [true] but found [false]
at com.Restaurant.Testcases.VerifyExpenseTest.VerifyEditExpense(VerifyExpenseTest.java:39)
at java.base/java.util.ArrayList.forEach(ArrayList.java:1511)
... Removed 30 stack frames]]>
    </failure>
  </testcase> <!-- VerifyEditExpense -->
  <testcase classname="com.Restaurant.Testcases.VerifyLanguageTest" name="VerifyLanguagePage" time="8.086"/>
  <testcase classname="com.Restaurant.Testcases.VerifyPeopleCustomerTest" name="VerifyWaiterAdd" time="10.172"/>
  <testcase classname="com.Restaurant.Testcases.VerifyPeopleCustomerTest" name="verifyeditcustomer" time="10.71"/>
  <testcase classname="com.Restaurant.Testcases.VerifyPeopleCustomerTest" name="WaiterDelete" time="48.072"/>
  <testcase classname="com.Restaurant.Testcases.VerifyPeopleSupplierTest" name="VerifyAddSupplier" time="9.713"/>
  <testcase classname="com.Restaurant.Testcases.VerifyPeopleSupplierTest" name="VerifyEditSupplier" time="10.562"/>
  <testcase classname="com.Restaurant.Testcases.VerifyPeopleSupplierTest" name="SupplierDelete" time="47.754"/>
  <testcase classname="com.Restaurant.Testcases.VerifyPeopleWaiterTest" name="VerifyWaiterAdd" time="10.527"/>
  <testcase classname="com.Restaurant.Testcases.VerifyPeopleWaiterTest" name="verifyeditwaiter" time="10.679"/>
  <testcase classname="com.Restaurant.Testcases.VerifyPeopleWaiterTest" name="WaiterDelete" time="48.115"/>
  <testcase classname="com.Restaurant.Testcases.VerifyProductTest" name="VerifyAddProduct" time="12.116"/>
  <testcase classname="com.Restaurant.Testcases.VerifyProductTest" name="VerifyEditProduct" time="10.117"/>
  <testcase classname="com.Restaurant.Testcases.VerifyProductTest" name="VerifyDeleteProduct" time="46.699"/>
  <testcase classname="com.Restaurant.Testcases.VerifyProductTest" name="VerifyProduct" time="7.48"/>
  <testcase classname="com.Restaurant.Testcases.VerifyProductTest" name="VerifyBarcode" time="7.388"/>
  <testcase classname="com.Restaurant.Testcases.VerifyReportsTest" name="VerifyReportPageClientStat" time="6.192"/>
  <testcase classname="com.Restaurant.Testcases.VerifyReportsTest" name="VerifyReportProductStat" time="6.252"/>
  <testcase classname="com.Restaurant.Testcases.VerifyReportsTest" name="VerifyReportStoreStat" time="26.214"/>
  <testcase classname="com.Restaurant.Testcases.VerifySalesTest" name="VerifySalesPage" time="4.799"/>
  <testcase classname="com.Restaurant.Testcases.VerifySettingTest" name="VerifyAddUser" time="8.317"/>
  <testcase classname="com.Restaurant.Testcases.VerifySettingTest" name="VerifyAddWarehouse" time="7.988"/>
  <testcase classname="com.Restaurant.Testcases.VerifyStoresTest" name="VerifyAddStore" time="11.099"/>
  <testcase classname="com.Restaurant.Testcases.VerifyStoresTest" name="verifyeditstore" time="10.413"/>
  <testcase classname="com.Restaurant.Testcases.VerifyStoresTest" name="verifyStoreDelete" time="27.662"/>
  <testcase classname="com.Restaurant.Testcases.VerifyUserLoginTest" name="VerifyLogout" time="4.006"/>
  <testcase classname="com.Restaurant.Testcases.VerifyUserLoginTest" name="VerifyUserLogin" time="2.837"/>
  <testcase classname="com.Restaurant.Testcases.VerifyUserLoginTest" name="VerifyInvalidUserLogin" time="0.706"/>
  <testcase classname="com.Restaurant.Testcases.VerifyUserLoginTest" name="VerifyInvalidUserLogin" time="0.689"/>
  <testcase classname="com.Restaurant.Testcases.VerifyUserLoginTest" name="VerifyInvalidUserLogin" time="0.741"/>
  <testcase classname="com.Restaurant.Baseclass.Baseclass" name="@AfterSuite AfterSuite" time="0.0">
    <ignored/>
  </testcase> <!-- @AfterSuite AfterSuite -->
  <testcase classname="com.Restaurant.Baseclass.Baseclass" name="@BeforeTest loadConfig" time="0.0">
    <ignored/>
  </testcase> <!-- @BeforeTest loadConfig -->
  <testcase classname="com.Restaurant.Baseclass.Baseclass" name="@BeforeTest loadConfig" time="0.0">
    <ignored/>
  </testcase> <!-- @BeforeTest loadConfig -->
  <testcase classname="com.Restaurant.Baseclass.Baseclass" name="@AfterSuite AfterSuite" time="0.0">
    <ignored/>
  </testcase> <!-- @AfterSuite AfterSuite -->
  <testcase classname="com.Restaurant.Baseclass.Baseclass" name="@BeforeTest loadConfig" time="0.0">
    <ignored/>
  </testcase> <!-- @BeforeTest loadConfig -->
  <testcase classname="com.Restaurant.Baseclass.Baseclass" name="@BeforeSuite beforeSuite" time="0.0">
    <ignored/>
  </testcase> <!-- @BeforeSuite beforeSuite -->
  <testcase classname="com.Restaurant.Baseclass.Baseclass" name="@BeforeSuite beforeSuite" time="0.0">
    <ignored/>
  </testcase> <!-- @BeforeSuite beforeSuite -->
  <testcase classname="com.Restaurant.Baseclass.Baseclass" name="@BeforeSuite beforeSuite" time="0.0">
    <ignored/>
  </testcase> <!-- @BeforeSuite beforeSuite -->
  <testcase classname="com.Restaurant.Baseclass.Baseclass" name="@BeforeSuite beforeSuite" time="0.0">
    <ignored/>
  </testcase> <!-- @BeforeSuite beforeSuite -->
  <testcase classname="com.Restaurant.Baseclass.Baseclass" name="@BeforeSuite beforeSuite" time="0.0">
    <ignored/>
  </testcase> <!-- @BeforeSuite beforeSuite -->
  <testcase classname="com.Restaurant.Baseclass.Baseclass" name="@BeforeTest loadConfig" time="0.0">
    <ignored/>
  </testcase> <!-- @BeforeTest loadConfig -->
  <testcase classname="com.Restaurant.Baseclass.Baseclass" name="@AfterSuite AfterSuite" time="0.0">
    <ignored/>
  </testcase> <!-- @AfterSuite AfterSuite -->
  <testcase classname="com.Restaurant.Baseclass.Baseclass" name="@AfterSuite AfterSuite" time="0.0">
    <ignored/>
  </testcase> <!-- @AfterSuite AfterSuite -->
  <testcase classname="com.Restaurant.Baseclass.Baseclass" name="@BeforeTest loadConfig" time="0.0">
    <ignored/>
  </testcase> <!-- @BeforeTest loadConfig -->
  <testcase classname="com.Restaurant.Baseclass.Baseclass" name="@BeforeTest loadConfig" time="0.0">
    <ignored/>
  </testcase> <!-- @BeforeTest loadConfig -->
  <testcase classname="com.Restaurant.Baseclass.Baseclass" name="@AfterSuite AfterSuite" time="0.0">
    <ignored/>
  </testcase> <!-- @AfterSuite AfterSuite -->
  <testcase classname="com.Restaurant.Baseclass.Baseclass" name="@BeforeTest loadConfig" time="0.0">
    <ignored/>
  </testcase> <!-- @BeforeTest loadConfig -->
  <testcase classname="com.Restaurant.Baseclass.Baseclass" name="@BeforeTest loadConfig" time="0.0">
    <ignored/>
  </testcase> <!-- @BeforeTest loadConfig -->
  <testcase classname="com.Restaurant.Baseclass.Baseclass" name="@AfterSuite AfterSuite" time="0.0">
    <ignored/>
  </testcase> <!-- @AfterSuite AfterSuite -->
  <testcase classname="com.Restaurant.Baseclass.Baseclass" name="@AfterSuite AfterSuite" time="0.0">
    <ignored/>
  </testcase> <!-- @AfterSuite AfterSuite -->
  <testcase classname="com.Restaurant.Baseclass.Baseclass" name="@BeforeSuite beforeSuite" time="0.0">
    <ignored/>
  </testcase> <!-- @BeforeSuite beforeSuite -->
  <testcase classname="com.Restaurant.Baseclass.Baseclass" name="@BeforeTest loadConfig" time="0.0">
    <ignored/>
  </testcase> <!-- @BeforeTest loadConfig -->
  <testcase classname="com.Restaurant.Baseclass.Baseclass" name="@AfterSuite AfterSuite" time="0.0">
    <ignored/>
  </testcase> <!-- @AfterSuite AfterSuite -->
  <testcase classname="com.Restaurant.Baseclass.Baseclass" name="@AfterSuite AfterSuite" time="0.0">
    <ignored/>
  </testcase> <!-- @AfterSuite AfterSuite -->
  <testcase classname="com.Restaurant.Baseclass.Baseclass" name="@BeforeSuite beforeSuite" time="0.0">
    <ignored/>
  </testcase> <!-- @BeforeSuite beforeSuite -->
  <testcase classname="com.Restaurant.Baseclass.Baseclass" name="@AfterSuite AfterSuite" time="0.0">
    <ignored/>
  </testcase> <!-- @AfterSuite AfterSuite -->
  <testcase classname="com.Restaurant.Baseclass.Baseclass" name="@BeforeSuite beforeSuite" time="0.0">
    <ignored/>
  </testcase> <!-- @BeforeSuite beforeSuite -->
  <testcase classname="com.Restaurant.Baseclass.Baseclass" name="@BeforeSuite beforeSuite" time="0.0">
    <ignored/>
  </testcase> <!-- @BeforeSuite beforeSuite -->
  <testcase classname="com.Restaurant.Baseclass.Baseclass" name="@BeforeSuite beforeSuite" time="0.0">
    <ignored/>
  </testcase> <!-- @BeforeSuite beforeSuite -->
  <testcase classname="com.Restaurant.Baseclass.Baseclass" name="@BeforeTest loadConfig" time="0.0">
    <ignored/>
  </testcase> <!-- @BeforeTest loadConfig -->
</testsuite> <!-- Test 1 -->
