<?xml version="1.0" encoding="UTF-8"?>
<!-- Generated by org.testng.reporters.JUnitXMLReporter -->
<testsuite ignored="3" hostname="ISSAC" failures="1" tests="6" name="Test" time="82.058" errors="0" timestamp="2022-12-14T08:45:15 IST">
  <testcase classname="com.Restaurant.Testcases.VerifyUserLoginTest" name="VerifyInvalidUserLogin" time="0.889"/>
  <testcase classname="com.Restaurant.Testcases.VerifyUserLoginTest" name="VerifyInvalidUserLogin" time="0.811"/>
  <testcase classname="com.Restaurant.Testcases.VerifyUserLoginTest" name="VerifyInvalidUserLogin" time="0.838"/>
  <testcase classname="com.Restaurant.Testcases.VerifyUserLoginTest" name="VerifyUserLogin" time="4.478"/>
  <testcase classname="com.Restaurant.Testcases.VerifyExpenseTest" name="VerifyAddExpense" time="23.321">
    <failure type="java.lang.AssertionError" message="Add Expense Button is not loaded expected [true] but found [false]">
      <![CDATA[java.lang.AssertionError: Add Expense Button is not loaded expected [true] but found [false]
at com.Restaurant.Testcases.VerifyExpenseTest.VerifyAddExpense(VerifyExpenseTest.java:31)
at java.base/java.util.ArrayList.forEach(ArrayList.java:1511)
... Removed 34 stack frames]]>
    </failure>
  </testcase> <!-- VerifyAddExpense -->
  <testcase classname="com.Restaurant.Testcases.VerifyExpenseTest" name="VerifyExpense" time="4.753"/>
  <testcase classname="com.Restaurant.Baseclass.Baseclass" name="@AfterSuite AfterSuite" time="0.0">
    <ignored/>
  </testcase> <!-- @AfterSuite AfterSuite -->
  <testcase classname="com.Restaurant.Baseclass.Baseclass" name="@BeforeTest loadConfig" time="0.0">
    <ignored/>
  </testcase> <!-- @BeforeTest loadConfig -->
  <testcase classname="com.Restaurant.Baseclass.Baseclass" name="@BeforeSuite beforeSuite" time="0.0">
    <ignored/>
  </testcase> <!-- @BeforeSuite beforeSuite -->
</testsuite> <!-- Test -->
